[2025-03-30 19:20:22] [INFO] [CREATE TODO] User: 67e8f88cd07a5c726559b208, Data: {"title":"dsaddasds","description":"dấd","status":"pending","due_date":"2025-03-19T17:00:00.000Z"}
[2025-03-30 19:23:30] [INFO] [LOGIN] User: Data: {"email":"lehuy@gmail.com","password":"123456"}
[2025-03-30 19:23:32] [INFO] [QUERY TODO] User: 67e9290fe9e2d70edaca1fb3, Query: {}
[2025-03-30 19:23:32] [INFO] [QUERY TODO] User: 67e9290fe9e2d70edaca1fb3, Query: {}
[2025-03-30 19:23:46] [INFO] [CREATE TODO] User: 67e9290fe9e2d70edaca1fb3, Data: {"title":"test","description":"ád","status":"pending","due_date":"2025-03-27T17:00:00.000Z"}
[2025-03-30 19:23:56] [INFO] [DELETE TODO] User: 67e9290fe9e2d70edaca1fb3, Data: {}
[2025-03-30 19:24:11] [INFO] [CREATE TODO] User: 67e9290fe9e2d70edaca1fb3, Data: {"title":"dsaddsad","description":"đá","status":"pending","due_date":"2025-03-28T17:00:00.000Z"}
[2025-03-30 19:24:18] [INFO] [UPDATE TODO] User: 67e9290fe9e2d70edaca1fb3, Data: {"title":"dsaddsad","description":"đá","status":"completed","due_date":"2025-03-28T17:00:00.000Z"}
[2025-03-30 19:24:21] [INFO] [QUERY TODO] User: 67e9290fe9e2d70edaca1fb3, Query: {"title":"d"}
[2025-03-30 19:24:21] [INFO] [QUERY TODO] User: 67e9290fe9e2d70edaca1fb3, Query: {"title":"da"}
[2025-03-30 19:24:22] [INFO] [QUERY TODO] User: 67e9290fe9e2d70edaca1fb3, Query: {"title":"da·"}
[2025-03-30 19:24:22] [INFO] [QUERY TODO] User: 67e9290fe9e2d70edaca1fb3, Query: {"title":"da"}
[2025-03-30 19:24:22] [INFO] [QUERY TODO] User: 67e9290fe9e2d70edaca1fb3, Query: {"title":"d"}
[2025-03-30 19:24:22] [INFO] [QUERY TODO] User: 67e9290fe9e2d70edaca1fb3, Query: {"title":"dá"}
[2025-03-30 19:24:22] [INFO] [QUERY TODO] User: 67e9290fe9e2d70edaca1fb3, Query: {"title":"d"}
[2025-03-30 19:24:22] [INFO] [QUERY TODO] User: 67e9290fe9e2d70edaca1fb3, Query: {"title":"ds"}
[2025-03-30 19:24:23] [INFO] [QUERY TODO] User: 67e9290fe9e2d70edaca1fb3, Query: {"title":"ds"}
[2025-03-30 22:55:08] [INFO] [SIGNUP] Data: {"firstName":"Anh","lastName":"Nguyễn Ngọc","email":"nguyenngocanh@gmail.com","password":"123456"}
[2025-03-30 22:55:24] [INFO] [LOGIN] User: Data: {"email":"nguyenngocanh@gmail.com","password":"123456"}
[2025-03-30 22:55:25] [INFO] [QUERY TODO] User: 67e9695c635e232cf84bfb20, Query: {}
[2025-03-30 22:55:25] [INFO] [QUERY TODO] User: 67e9695c635e232cf84bfb20, Query: {}
[2025-03-30 22:55:40] [INFO] [CREATE TODO] User: 67e9695c635e232cf84bfb20, Data: {"title":"Vd","description":"Test","status":"pending","due_date":"2025-03-28T17:00:00.000Z"}
[2025-03-30 22:55:55] [INFO] [LOGIN] User: Data: {"email":"nguyenngocanh@gmail.com","password":"123456"}
[2025-03-30 22:55:57] [INFO] [QUERY TODO] User: 67e9695c635e232cf84bfb20, Query: {}
[2025-03-30 22:55:57] [INFO] [QUERY TODO] User: 67e9695c635e232cf84bfb20, Query: {}
[2025-03-30 22:56:17] [INFO] [UPDATE TODO] User: 67e9695c635e232cf84bfb20, Data: {"title":"Vd","description":"Test giai đoạn 1","status":"in_progress","due_date":"2025-03-28T17:00:00.000Z"}
[2025-03-30 22:56:29] [INFO] [CREATE TODO] User: 67e9695c635e232cf84bfb20, Data: {"title":"Test","description":"Test2","status":"pending","due_date":"2025-03-20T17:00:00.000Z"}
[2025-03-30 22:56:32] [INFO] [QUERY TODO] User: 67e9695c635e232cf84bfb20, Query: {"title":"v"}
[2025-03-30 22:56:32] [INFO] [QUERY TODO] User: 67e9695c635e232cf84bfb20, Query: {"title":"vd"}
[2025-03-30 22:56:33] [INFO] [QUERY TODO] User: 67e9695c635e232cf84bfb20, Query: {"title":"vd"}
[2025-03-30 22:56:33] [INFO] [QUERY TODO] User: 67e9695c635e232cf84bfb20, Query: {"title":"v"}
[2025-03-30 22:56:33] [INFO] [QUERY TODO] User: 67e9695c635e232cf84bfb20, Query: {}
[2025-03-30 22:56:34] [INFO] [QUERY TODO] User: 67e9695c635e232cf84bfb20, Query: {"title":"V"}
[2025-03-30 22:56:34] [INFO] [QUERY TODO] User: 67e9695c635e232cf84bfb20, Query: {"title":"Vs"}
[2025-03-30 22:56:35] [INFO] [QUERY TODO] User: 67e9695c635e232cf84bfb20, Query: {"title":"V"}
[2025-03-30 22:56:37] [INFO] [QUERY TODO] User: 67e9695c635e232cf84bfb20, Query: {"title":"Vd"}
[2025-03-30 22:56:40] [INFO] [QUERY TODO] User: 67e9695c635e232cf84bfb20, Query: {"title":"V"}
[2025-03-30 22:56:40] [INFO] [QUERY TODO] User: 67e9695c635e232cf84bfb20, Query: {}
[2025-03-30 22:56:46] [INFO] [DELETE TODO] User: 67e9695c635e232cf84bfb20, Data: {}
[2025-03-30 22:58:13] [INFO] [LOGIN] User: Data: {"email":"lehuy@gmail.com","password":"123456"}
[2025-03-30 22:58:14] [INFO] [QUERY TODO] User: 67e9290fe9e2d70edaca1fb3, Query: {}
[2025-03-30 22:58:14] [INFO] [QUERY TODO] User: 67e9290fe9e2d70edaca1fb3, Query: {}
[2025-05-23 22:03:53] [INFO] [SIGNUP] Data: {"firstName":"le","lastName":"huy","email":"lehuykchy@gmail.com","password":"123456"}
[2025-05-23 22:08:11] [INFO] [SIGNUP] Data: {"firstName":"le","lastName":"huy","email":"lehuykchy@gmail.com","password":"123456"}
[2025-05-23 22:09:44] [INFO] [SIGNUP] Data: {"firstName":"huy","lastName":"le","email":"lehuykchy@gmail.com","password":"123456"}
[2025-05-23 22:12:52] [INFO] [SIGNUP] Data: {"firstName":"huy","lastName":"le","email":"lehuykchy@gmail.com","password":"123456"}
[2025-05-23 22:12:59] [INFO] [LOGIN] User: Data: {"email":"lehuy@gmail.com","password":"123456"}
[2025-05-23 22:13:00] [INFO] [QUERY TODO] User: 67e9290fe9e2d70edaca1fb3, Query: {}
[2025-05-23 22:13:00] [INFO] [QUERY TODO] User: 67e9290fe9e2d70edaca1fb3, Query: {}
[2025-05-23 22:14:05] [INFO] [SIGNUP] Data: {"firstName":"huy","lastName":"le","email":"lehuykchy@gmail.com","password":"123"}
[2025-05-23 22:14:10] [INFO] [LOGIN] User: Data: {"email":"lehuy@gmail.com","password":"123456"}
[2025-05-23 22:14:11] [INFO] [QUERY TODO] User: 67e9290fe9e2d70edaca1fb3, Query: {}
[2025-05-23 22:14:11] [INFO] [QUERY TODO] User: 67e9290fe9e2d70edaca1fb3, Query: {}
[2025-05-23 22:14:19] [INFO] [QUERY TODO] User: 67e9290fe9e2d70edaca1fb3, Query: {"title":"d"}
[2025-05-23 22:14:20] [INFO] [QUERY TODO] User: 67e9290fe9e2d70edaca1fb3, Query: {"title":"ds"}
[2025-05-23 22:14:21] [INFO] [QUERY TODO] User: 67e9290fe9e2d70edaca1fb3, Query: {"title":"ds"}
[2025-05-23 22:14:21] [INFO] [QUERY TODO] User: 67e9290fe9e2d70edaca1fb3, Query: {"title":"ds"}
[2025-05-23 22:14:22] [INFO] [QUERY TODO] User: 67e9290fe9e2d70edaca1fb3, Query: {"title":"d"}
[2025-05-23 22:14:23] [INFO] [QUERY TODO] User: 67e9290fe9e2d70edaca1fb3, Query: {}
[2025-05-23 22:14:25] [INFO] [QUERY TODO] User: 67e9290fe9e2d70edaca1fb3, Query: {"title":"a"}
[2025-05-23 22:14:25] [INFO] [QUERY TODO] User: 67e9290fe9e2d70edaca1fb3, Query: {"title":"a"}
[2025-05-23 22:14:26] [INFO] [QUERY TODO] User: 67e9290fe9e2d70edaca1fb3, Query: {}
[2025-05-23 22:14:26] [INFO] [QUERY TODO] User: 67e9290fe9e2d70edaca1fb3, Query: {"title":"s"}
[2025-05-23 22:14:27] [INFO] [QUERY TODO] User: 67e9290fe9e2d70edaca1fb3, Query: {"title":"ss"}
[2025-05-23 22:14:27] [INFO] [QUERY TODO] User: 67e9290fe9e2d70edaca1fb3, Query: {"title":"ss"}
[2025-05-23 22:14:27] [INFO] [QUERY TODO] User: 67e9290fe9e2d70edaca1fb3, Query: {"title":"s"}
[2025-05-23 22:14:27] [INFO] [QUERY TODO] User: 67e9290fe9e2d70edaca1fb3, Query: {}
[2025-05-23 22:14:29] [INFO] [QUERY TODO] User: 67e9290fe9e2d70edaca1fb3, Query: {"title":"s"}
[2025-05-23 22:14:29] [INFO] [QUERY TODO] User: 67e9290fe9e2d70edaca1fb3, Query: {"title":"ss"}
[2025-05-23 22:14:30] [INFO] [QUERY TODO] User: 67e9290fe9e2d70edaca1fb3, Query: {"title":"s"}
[2025-05-23 22:14:30] [INFO] [QUERY TODO] User: 67e9290fe9e2d70edaca1fb3, Query: {}
[2025-05-23 22:14:33] [INFO] [QUERY TODO] User: 67e9290fe9e2d70edaca1fb3, Query: {"title":"d"}
[2025-05-23 22:14:33] [INFO] [QUERY TODO] User: 67e9290fe9e2d70edaca1fb3, Query: {"title":"da"}
[2025-05-23 22:14:34] [INFO] [QUERY TODO] User: 67e9290fe9e2d70edaca1fb3, Query: {"title":"d"}
[2025-05-23 22:14:34] [INFO] [QUERY TODO] User: 67e9290fe9e2d70edaca1fb3, Query: {"title":"ds"}
[2025-05-23 22:14:35] [INFO] [QUERY TODO] User: 67e9290fe9e2d70edaca1fb3, Query: {"title":"d"}
[2025-05-23 22:14:36] [INFO] [QUERY TODO] User: 67e9290fe9e2d70edaca1fb3, Query: {}
[2025-05-23 22:14:36] [INFO] [QUERY TODO] User: 67e9290fe9e2d70edaca1fb3, Query: {"title":"d"}
[2025-05-23 22:14:37] [INFO] [QUERY TODO] User: 67e9290fe9e2d70edaca1fb3, Query: {"title":"d·"}
[2025-05-23 22:14:37] [INFO] [QUERY TODO] User: 67e9290fe9e2d70edaca1fb3, Query: {"title":"d"}
[2025-05-23 22:14:37] [INFO] [QUERY TODO] User: 67e9290fe9e2d70edaca1fb3, Query: {}
[2025-05-23 22:14:37] [INFO] [QUERY TODO] User: 67e9290fe9e2d70edaca1fb3, Query: {"title":"đ"}
[2025-05-23 22:14:38] [INFO] [QUERY TODO] User: 67e9290fe9e2d70edaca1fb3, Query: {"title":"đ·"}
[2025-05-23 22:14:38] [INFO] [QUERY TODO] User: 67e9290fe9e2d70edaca1fb3, Query: {"title":"đ"}
[2025-05-23 22:14:38] [INFO] [QUERY TODO] User: 67e9290fe9e2d70edaca1fb3, Query: {}
[2025-05-23 22:14:38] [INFO] [QUERY TODO] User: 67e9290fe9e2d70edaca1fb3, Query: {"title":"d"}
[2025-05-23 22:14:38] [INFO] [QUERY TODO] User: 67e9290fe9e2d70edaca1fb3, Query: {"title":"dd"}
[2025-05-23 22:14:40] [INFO] [QUERY TODO] User: 67e9290fe9e2d70edaca1fb3, Query: {"title":"dd·"}
[2025-05-23 22:14:40] [INFO] [QUERY TODO] User: 67e9290fe9e2d70edaca1fb3, Query: {"title":"dd"}
[2025-05-23 22:14:40] [INFO] [QUERY TODO] User: 67e9290fe9e2d70edaca1fb3, Query: {"title":"d"}
[2025-05-23 22:14:40] [INFO] [QUERY TODO] User: 67e9290fe9e2d70edaca1fb3, Query: {"title":"dđ"}
[2025-05-23 22:14:40] [INFO] [QUERY TODO] User: 67e9290fe9e2d70edaca1fb3, Query: {"title":"dđ·"}
[2025-05-23 22:14:40] [INFO] [QUERY TODO] User: 67e9290fe9e2d70edaca1fb3, Query: {"title":"dđ"}
[2025-05-23 22:14:40] [INFO] [QUERY TODO] User: 67e9290fe9e2d70edaca1fb3, Query: {"title":"d"}
[2025-05-23 22:14:40] [INFO] [QUERY TODO] User: 67e9290fe9e2d70edaca1fb3, Query: {"title":"dd"}
[2025-05-23 22:14:40] [INFO] [QUERY TODO] User: 67e9290fe9e2d70edaca1fb3, Query: {"title":"ddd"}
[2025-05-23 22:14:42] [INFO] [QUERY TODO] User: 67e9290fe9e2d70edaca1fb3, Query: {"title":"dd"}
[2025-05-23 22:14:43] [INFO] [QUERY TODO] User: 67e9290fe9e2d70edaca1fb3, Query: {"title":"d"}
[2025-05-23 22:14:43] [INFO] [QUERY TODO] User: 67e9290fe9e2d70edaca1fb3, Query: {}
[2025-05-23 22:14:50] [INFO] [UPDATE TODO] User: 67e9290fe9e2d70edaca1fb3, Data: {"title":"dsaddsad","description":"đá","status":"completed","due_date":"2025-03-28T17:00:00.000Z"}
[2025-05-23 22:15:14] [INFO] [UPDATE TODO] User: 67e9290fe9e2d70edaca1fb3, Data: {"title":"dsaddsad","description":"đá","status":"in_progress","due_date":"2025-03-28T17:00:00.000Z"}
[2025-05-23 22:15:18] [INFO] [UPDATE TODO] User: 67e9290fe9e2d70edaca1fb3, Data: {"title":"dsaddsad","description":"đá","status":"in_progress","due_date":"2025-03-28T17:00:00.000Z"}
[2025-05-23 22:16:11] [INFO] [UPDATE TODO] User: 67e9290fe9e2d70edaca1fb3, Data: {"title":"dsaddsad","description":"đá","status":"completed","due_date":"2025-03-28T17:00:00.000Z"}
[2025-05-23 22:24:33] [INFO] [QUERY TODO] User: 67e9290fe9e2d70edaca1fb3, Query: {}
[2025-05-23 22:24:33] [INFO] [QUERY TODO] User: 67e9290fe9e2d70edaca1fb3, Query: {}
[2025-05-23 22:25:02] [INFO] [LOGIN] User: Data: {"email":"lehuy@gmail.com","password":"123456"}
[2025-05-23 22:25:03] [INFO] [QUERY TODO] User: 67e9290fe9e2d70edaca1fb3, Query: {}
[2025-05-23 22:25:03] [INFO] [QUERY TODO] User: 67e9290fe9e2d70edaca1fb3, Query: {}
[2025-05-23 22:25:35] [INFO] [CREATE TODO] User: 67e9290fe9e2d70edaca1fb3, Data: {"title":"huy dzai","description":"vippro","status":"pending","due_date":"2025-05-21T17:00:00.000Z"}
[2025-05-23 22:25:46] [INFO] [UPDATE TODO] User: 67e9290fe9e2d70edaca1fb3, Data: {"title":"huy dzai","description":"vippro","status":"completed","due_date":"2025-05-21T17:00:00.000Z"}
[2025-05-23 22:25:54] [INFO] [QUERY TODO] User: 67e9290fe9e2d70edaca1fb3, Query: {"title":"h"}
[2025-05-23 22:25:54] [INFO] [QUERY TODO] User: 67e9290fe9e2d70edaca1fb3, Query: {"title":"ha"}
[2025-05-23 22:25:54] [INFO] [QUERY TODO] User: 67e9290fe9e2d70edaca1fb3, Query: {"title":"hay"}
[2025-05-23 22:25:55] [INFO] [QUERY TODO] User: 67e9290fe9e2d70edaca1fb3, Query: {"title":"ha"}
[2025-05-23 22:25:56] [INFO] [QUERY TODO] User: 67e9290fe9e2d70edaca1fb3, Query: {"title":"h"}
[2025-05-23 22:25:56] [INFO] [QUERY TODO] User: 67e9290fe9e2d70edaca1fb3, Query: {"title":"hu"}
[2025-05-23 22:25:56] [INFO] [QUERY TODO] User: 67e9290fe9e2d70edaca1fb3, Query: {"title":"huu"}
[2025-05-23 22:25:57] [INFO] [QUERY TODO] User: 67e9290fe9e2d70edaca1fb3, Query: {"title":"hu"}
[2025-05-23 22:25:58] [INFO] [QUERY TODO] User: 67e9290fe9e2d70edaca1fb3, Query: {"title":"huy"}
[2025-05-23 22:25:59] [INFO] [QUERY TODO] User: 67e9290fe9e2d70edaca1fb3, Query: {"title":"hu"}
[2025-05-23 22:25:59] [INFO] [QUERY TODO] User: 67e9290fe9e2d70edaca1fb3, Query: {"title":"h"}
[2025-05-23 22:25:59] [INFO] [QUERY TODO] User: 67e9290fe9e2d70edaca1fb3, Query: {}
[2025-05-23 22:25:59] [INFO] [QUERY TODO] User: 67e9290fe9e2d70edaca1fb3, Query: {"title":"h"}
[2025-05-23 22:26:00] [INFO] [QUERY TODO] User: 67e9290fe9e2d70edaca1fb3, Query: {}
[2025-05-23 22:31:43] [INFO] [QUERY TODO] User: 67e9290fe9e2d70edaca1fb3, Query: {}
[2025-05-23 22:31:43] [INFO] [QUERY TODO] User: 67e9290fe9e2d70edaca1fb3, Query: {}
